Using pre-set license
Built from '2021.3/release' branch; Version is '2021.3.12f1 (8af3c3e441b1) revision 9106371'; Using compiler version '192829333'; Build Type 'Release'
OS: 'Windows 10  (10.0.19045) 64bit Professional' Language: 'en' Physical Memory: 16300 MB
BatchMode: 1, IsHumanControllingUs: 0, StartBugReporterOnCrash: 0, Is64bit: 1, IsPro: 1

COMMAND LINE ARGUMENTS:
D:\Unity\Unity Hub\2021.3.12f1\Editor\Unity.exe
-adb2
-batchMode
-noUpm
-name
AssetImportWorker0
-projectPath
D:/Unity/AfterpartyEchoes
-logFile
Logs/AssetImportWorker0.log
-srvPort
61833
Successfully changed project path to: D:/Unity/AfterpartyEchoes
D:/Unity/AfterpartyEchoes
[UnityMemory] Configuration Parameters - Can be set up in boot.config
    "memorysetup-bucket-allocator-granularity=16"
    "memorysetup-bucket-allocator-bucket-count=8"
    "memorysetup-bucket-allocator-block-size=33554432"
    "memorysetup-bucket-allocator-block-count=8"
    "memorysetup-main-allocator-block-size=16777216"
    "memorysetup-thread-allocator-block-size=16777216"
    "memorysetup-gfx-main-allocator-block-size=16777216"
    "memorysetup-gfx-thread-allocator-block-size=16777216"
    "memorysetup-cache-allocator-block-size=4194304"
    "memorysetup-typetree-allocator-block-size=2097152"
    "memorysetup-profiler-bucket-allocator-granularity=16"
    "memorysetup-profiler-bucket-allocator-bucket-count=8"
    "memorysetup-profiler-bucket-allocator-block-size=33554432"
    "memorysetup-profiler-bucket-allocator-block-count=8"
    "memorysetup-profiler-allocator-block-size=16777216"
    "memorysetup-profiler-editor-allocator-block-size=1048576"
    "memorysetup-temp-allocator-size-main=16777216"
    "memorysetup-job-temp-allocator-block-size=2097152"
    "memorysetup-job-temp-allocator-block-size-background=1048576"
    "memorysetup-job-temp-allocator-reduction-small-platforms=262144"
    "memorysetup-temp-allocator-size-background-worker=32768"
    "memorysetup-temp-allocator-size-job-worker=262144"
    "memorysetup-temp-allocator-size-preload-manager=33554432"
    "memorysetup-temp-allocator-size-nav-mesh-worker=65536"
    "memorysetup-temp-allocator-size-audio-worker=65536"
    "memorysetup-temp-allocator-size-cloud-worker=32768"
    "memorysetup-temp-allocator-size-gi-baking-worker=262144"
    "memorysetup-temp-allocator-size-gfx=262144"
Refreshing native plugins compatible for Editor in 147.00 ms, found 4 plugins.
Preloading 0 native plugins for Editor in 0.00 ms.
Initialize engine version: 2021.3.12f1 (8af3c3e441b1)
[Subsystems] Discovering subsystems at path D:/Unity/Unity Hub/2021.3.12f1/Editor/Data/Resources/UnitySubsystems
[Subsystems] Discovering subsystems at path D:/Unity/AfterpartyEchoes/Assets
GfxDevice: creating device client; threaded=0; jobified=0
Direct3D:
    Version:  Direct3D 11.0 [level 11.1]
    Renderer: NVIDIA GeForce GTX 1660 (ID=0x2184)
    Vendor:   NVIDIA
    VRAM:     5966 MB
    Driver:   32.0.15.6094
Initialize mono
Mono path[0] = 'D:/Unity/Unity Hub/2021.3.12f1/Editor/Data/Managed'
Mono path[1] = 'D:/Unity/Unity Hub/2021.3.12f1/Editor/Data/MonoBleedingEdge/lib/mono/unityjit-win32'
Mono config path = 'D:/Unity/Unity Hub/2021.3.12f1/Editor/Data/MonoBleedingEdge/etc'
Using monoOptions --debugger-agent=transport=dt_socket,embedding=1,server=y,suspend=n,address=127.0.0.1:56248
Begin MonoManager ReloadAssembly
Registering precompiled unity dll's ...
Register platform support module: D:/Unity/Unity Hub/2021.3.12f1/Editor/Data/PlaybackEngines/WindowsStandaloneSupport/UnityEditor.WindowsStandalone.Extensions.dll
Registered in 0.004738 seconds.
Native extension for WindowsStandalone target not found
Refreshing native plugins compatible for Editor in 149.92 ms, found 4 plugins.
Preloading 0 native plugins for Editor in 0.00 ms.
Mono: successfully reloaded assembly
- Completed reload, in  0.889 seconds
Domain Reload Profiling:
	ReloadAssembly (890ms)
		BeginReloadAssembly (169ms)
			ExecutionOrderSort (0ms)
			DisableScriptedObjects (0ms)
			BackupInstance (0ms)
			ReleaseScriptingObjects (0ms)
			CreateAndSetChildDomain (1ms)
		EndReloadAssembly (583ms)
			LoadAssemblies (168ms)
			RebuildTransferFunctionScriptingTraits (0ms)
			SetupTypeCache (133ms)
			ReleaseScriptCaches (0ms)
			RebuildScriptCaches (33ms)
			SetupLoadedEditorAssemblies (358ms)
				LogAssemblyErrors (0ms)
				InitializePlatformSupportModulesInManaged (8ms)
				SetLoadedEditorAssemblies (0ms)
				RefreshPlugins (150ms)
				BeforeProcessingInitializeOnLoad (1ms)
				ProcessInitializeOnLoadAttributes (140ms)
				ProcessInitializeOnLoadMethodAttributes (59ms)
				AfterProcessingInitializeOnLoad (0ms)
				EditorAssembliesLoaded (0ms)
			ExecutionOrderSort2 (0ms)
			AwakeInstancesAfterBackupRestoration (0ms)
Platform modules already initialized, skipping
Registering precompiled user dll's ...
Registered in 0.012706 seconds.
Begin MonoManager ReloadAssembly
Symbol file LoadedFromMemory doesn't match image D:\Unity\AfterpartyEchoes\Library\PackageCache\com.unity.visualscripting@1.7.8\Editor\VisualScripting.Core\Dependencies\YamlDotNet\Unity.VisualScripting.YamlDotNet.dll
Symbol file LoadedFromMemory doesn't match image D:\Unity\AfterpartyEchoes\Library\PackageCache\com.unity.visualscripting@1.7.8\Editor\VisualScripting.Core\Dependencies\DotNetZip\Unity.VisualScripting.IonicZip.dll
Native extension for WindowsStandalone target not found
Refreshing native plugins compatible for Editor in 148.52 ms, found 4 plugins.
Preloading 0 native plugins for Editor in 0.00 ms.
Mono: successfully reloaded assembly
- Completed reload, in  1.737 seconds
Domain Reload Profiling:
	ReloadAssembly (1739ms)
		BeginReloadAssembly (181ms)
			ExecutionOrderSort (0ms)
			DisableScriptedObjects (7ms)
			BackupInstance (0ms)
			ReleaseScriptingObjects (0ms)
			CreateAndSetChildDomain (24ms)
		EndReloadAssembly (1414ms)
			LoadAssemblies (187ms)
			RebuildTransferFunctionScriptingTraits (0ms)
			SetupTypeCache (365ms)
			ReleaseScriptCaches (1ms)
			RebuildScriptCaches (88ms)
			SetupLoadedEditorAssemblies (768ms)
				LogAssemblyErrors (0ms)
				InitializePlatformSupportModulesInManaged (5ms)
				SetLoadedEditorAssemblies (0ms)
				RefreshPlugins (149ms)
				BeforeProcessingInitializeOnLoad (150ms)
				ProcessInitializeOnLoadAttributes (330ms)
				ProcessInitializeOnLoadMethodAttributes (130ms)
				AfterProcessingInitializeOnLoad (4ms)
				EditorAssembliesLoaded (0ms)
			ExecutionOrderSort2 (0ms)
			AwakeInstancesAfterBackupRestoration (6ms)
Platform modules already initialized, skipping
========================================================================
Worker process is ready to serve import requests
Launched and connected shader compiler UnityShaderCompiler.exe after 0.22 seconds
Refreshing native plugins compatible for Editor in 1.81 ms, found 4 plugins.
Preloading 0 native plugins for Editor in 0.00 ms.
Unloading 5535 Unused Serialized files (Serialized files now loaded: 0)
Unloading 58 unused Assets / (1.2 MB). Loaded Objects now: 5970.
Memory consumption went from 215.2 MB to 213.9 MB.
Total: 5.568700 ms (FindLiveObjects: 0.878600 ms CreateObjectMapping: 0.199000 ms MarkObjects: 3.842100 ms  DeleteObjects: 0.647700 ms)

AssetImportParameters requested are different than current active one (requested -> active):
  custom:video-decoder-ogg-theora: a1e56fd34408186e4bbccfd4996cb3dc -> 
  custom:container-muxer-webm: aa71ff27fc2769a1b78a27578f13a17b -> 
  custom:container-demuxer-webm: 4f35f7cbe854078d1ac9338744f61a02 -> 
  custom:video-encoder-webm-vp8: eb34c28f22e8b96e1ab97ce403110664 -> 
  custom:audio-encoder-webm-vorbis: bf7c407c2cedff20999df2af8eb42d56 -> 
  custom:framework-win-MediaFoundation: 216162199b28c13a410421893ffa2e32 -> 
  custom:container-demuxer-ogg: 62fdf1f143b41e24485cea50d1cbac27 -> 
  custom:video-decoder-webm-vp8: 9c59270c3fd7afecdb556c50c9e8de78 -> 
  custom:audio-decoder-ogg-vorbis: bf7c407c2cedff20999df2af8eb42d56 -> 
========================================================================
Received Import Request.
  Time since last request: 696802.594953 seconds.
  path: Assets/Scenes/Title.unity
  artifactKey: Guid(8c9cfa26abfee488c85f1582747f6a02) Importer(815301076,1909f56bfc062723c751e8b465ee728b)
Start importing Assets/Scenes/Title.unity using Guid(8c9cfa26abfee488c85f1582747f6a02) Importer(815301076,1909f56bfc062723c751e8b465ee728b)  -> (artifact id: '04c83341a7e53ab5581c957867a5e2dd') in 0.019245 seconds 
========================================================================
Received Import Request.
  Time since last request: 718.152411 seconds.
  path: Assets/Arte
  artifactKey: Guid(032eab56966e4bb4299412520c3c7abd) Importer(815301076,1909f56bfc062723c751e8b465ee728b)
Start importing Assets/Arte using Guid(032eab56966e4bb4299412520c3c7abd) Importer(815301076,1909f56bfc062723c751e8b465ee728b)  -> (artifact id: 'ebfdc478cb773c7eb2a8f51e90911c24') in 0.004851 seconds 
========================================================================
Received Import Request.
  Time since last request: 0.029421 seconds.
  path: Assets/Arte/Scene1 living room.png
  artifactKey: Guid(951dcf3dbbf79f94b93da9e25f755a92) Importer(815301076,1909f56bfc062723c751e8b465ee728b)
Start importing Assets/Arte/Scene1 living room.png using Guid(951dcf3dbbf79f94b93da9e25f755a92) Importer(815301076,1909f56bfc062723c751e8b465ee728b)  -> (artifact id: '4ef51840ffef5c6246873be8f01bc1d8') in 0.403600 seconds 
========================================================================
Received Import Request.
  Time since last request: 16.461690 seconds.
  path: Assets/Arte/Scene1 living room.png
  artifactKey: Guid(951dcf3dbbf79f94b93da9e25f755a92) Importer(815301076,1909f56bfc062723c751e8b465ee728b)
Start importing Assets/Arte/Scene1 living room.png using Guid(951dcf3dbbf79f94b93da9e25f755a92) Importer(815301076,1909f56bfc062723c751e8b465ee728b)  -> (artifact id: '8a28356d8e0009c53d23033c55c58a4a') in 0.154438 seconds 
========================================================================
Received Import Request.
  Time since last request: 186.044520 seconds.
  path: Assets/Scenes
  artifactKey: Guid(109e9bdd0fcc649c5bc59085c35bdc83) Importer(815301076,1909f56bfc062723c751e8b465ee728b)
Start importing Assets/Scenes using Guid(109e9bdd0fcc649c5bc59085c35bdc83) Importer(815301076,1909f56bfc062723c751e8b465ee728b)  -> (artifact id: '0ef13bb1dfc9a810dcac12450e6ab388') in 0.004162 seconds 
========================================================================
Received Import Request.
  Time since last request: 0.594607 seconds.
  path: Assets/Scenes/Title.unity
  artifactKey: Guid(8c9cfa26abfee488c85f1582747f6a02) Importer(815301076,1909f56bfc062723c751e8b465ee728b)
Start importing Assets/Scenes/Title.unity using Guid(8c9cfa26abfee488c85f1582747f6a02) Importer(815301076,1909f56bfc062723c751e8b465ee728b)  -> (artifact id: '53acddb5ea01f6c7e0dc028eba167d3d') in 0.002969 seconds 
========================================================================
Received Import Request.
  Time since last request: 1.402160 seconds.
  path: Assets/Scenes/Title 1.unity
  artifactKey: Guid(b0a6e21eb68f7a24f99633e7bbdd1d98) Importer(815301076,1909f56bfc062723c751e8b465ee728b)
Start importing Assets/Scenes/Title 1.unity using Guid(b0a6e21eb68f7a24f99633e7bbdd1d98) Importer(815301076,1909f56bfc062723c751e8b465ee728b)  -> (artifact id: '94edbe03fb12806dced07a341b69adc7') in 0.004186 seconds 
========================================================================
Received Import Request.
  Time since last request: 4.135348 seconds.
  path: Assets/Scenes/Level 1.unity
  artifactKey: Guid(b0a6e21eb68f7a24f99633e7bbdd1d98) Importer(815301076,1909f56bfc062723c751e8b465ee728b)
Start importing Assets/Scenes/Level 1.unity using Guid(b0a6e21eb68f7a24f99633e7bbdd1d98) Importer(815301076,1909f56bfc062723c751e8b465ee728b)  -> (artifact id: '056aa1bd1fbf8c367f37bb3e7c87a219') in 0.004396 seconds 
========================================================================
Received Import Request.
  Time since last request: 28.500920 seconds.
  path: Assets/Scenes/Level 1.unity
  artifactKey: Guid(b0a6e21eb68f7a24f99633e7bbdd1d98) Importer(815301076,1909f56bfc062723c751e8b465ee728b)
Start importing Assets/Scenes/Level 1.unity using Guid(b0a6e21eb68f7a24f99633e7bbdd1d98) Importer(815301076,1909f56bfc062723c751e8b465ee728b)  -> (artifact id: 'a1e9bbb2397fb091b4b266a144f77edf') in 0.002985 seconds 
========================================================================
Received Import Request.
  Time since last request: 54.905566 seconds.
  path: Assets
  artifactKey: Guid(00000000000000001000000000000000) Importer(815301076,1909f56bfc062723c751e8b465ee728b)
Start importing Assets using Guid(00000000000000001000000000000000) Importer(815301076,1909f56bfc062723c751e8b465ee728b)  -> (artifact id: '79842766b460edbeab6a34051e857a80') in 0.004912 seconds 
========================================================================
Received Import Request.
  Time since last request: 7.229818 seconds.
  path: Assets/Menu.cs
  artifactKey: Guid(01d1289776bd7df469077d4ee5cb5557) Importer(815301076,1909f56bfc062723c751e8b465ee728b)
Start importing Assets/Menu.cs using Guid(01d1289776bd7df469077d4ee5cb5557) Importer(815301076,1909f56bfc062723c751e8b465ee728b)  -> (artifact id: 'a45a24d737ae3353dc68255afcb0a485') in 0.312519 seconds 
========================================================================
Received Prepare
Registering precompiled user dll's ...
Registered in 0.015684 seconds.
Begin MonoManager ReloadAssembly
Symbol file LoadedFromMemory doesn't match image D:\Unity\AfterpartyEchoes\Library\PackageCache\com.unity.visualscripting@1.7.8\Editor\VisualScripting.Core\Dependencies\YamlDotNet\Unity.VisualScripting.YamlDotNet.dll
Symbol file LoadedFromMemory doesn't match image D:\Unity\AfterpartyEchoes\Library\PackageCache\com.unity.visualscripting@1.7.8\Editor\VisualScripting.Core\Dependencies\DotNetZip\Unity.VisualScripting.IonicZip.dll
Native extension for WindowsStandalone target not found
Refreshing native plugins compatible for Editor in 1.57 ms, found 4 plugins.
Preloading 0 native plugins for Editor in 0.00 ms.
Mono: successfully reloaded assembly
- Completed reload, in  1.575 seconds
Domain Reload Profiling:
	ReloadAssembly (1576ms)
		BeginReloadAssembly (243ms)
			ExecutionOrderSort (0ms)
			DisableScriptedObjects (10ms)
			BackupInstance (0ms)
			ReleaseScriptingObjects (0ms)
			CreateAndSetChildDomain (53ms)
		EndReloadAssembly (1197ms)
			LoadAssemblies (219ms)
			RebuildTransferFunctionScriptingTraits (0ms)
			SetupTypeCache (350ms)
			ReleaseScriptCaches (2ms)
			RebuildScriptCaches (81ms)
			SetupLoadedEditorAssemblies (518ms)
				LogAssemblyErrors (0ms)
				InitializePlatformSupportModulesInManaged (15ms)
				SetLoadedEditorAssemblies (1ms)
				RefreshPlugins (2ms)
				BeforeProcessingInitializeOnLoad (105ms)
				ProcessInitializeOnLoadAttributes (282ms)
				ProcessInitializeOnLoadMethodAttributes (109ms)
				AfterProcessingInitializeOnLoad (4ms)
				EditorAssembliesLoaded (0ms)
			ExecutionOrderSort2 (0ms)
			AwakeInstancesAfterBackupRestoration (11ms)
Platform modules already initialized, skipping
Refreshing native plugins compatible for Editor in 4.15 ms, found 4 plugins.
Preloading 0 native plugins for Editor in 0.00 ms.
Unloading 5419 Unused Serialized files (Serialized files now loaded: 0)
Unloading 45 unused Assets / (1.2 MB). Loaded Objects now: 5981.
Memory consumption went from 211.3 MB to 210.1 MB.
Total: 4.731700 ms (FindLiveObjects: 0.585500 ms CreateObjectMapping: 0.200000 ms MarkObjects: 3.365300 ms  DeleteObjects: 0.579300 ms)

AssetImportParameters requested are different than current active one (requested -> active):
  custom:video-decoder-ogg-theora: a1e56fd34408186e4bbccfd4996cb3dc -> 
  custom:container-muxer-webm: aa71ff27fc2769a1b78a27578f13a17b -> 
  custom:container-demuxer-webm: 4f35f7cbe854078d1ac9338744f61a02 -> 
  custom:video-encoder-webm-vp8: eb34c28f22e8b96e1ab97ce403110664 -> 
  custom:audio-encoder-webm-vorbis: bf7c407c2cedff20999df2af8eb42d56 -> 
  custom:framework-win-MediaFoundation: 216162199b28c13a410421893ffa2e32 -> 
  custom:container-demuxer-ogg: 62fdf1f143b41e24485cea50d1cbac27 -> 
  custom:video-decoder-webm-vp8: 9c59270c3fd7afecdb556c50c9e8de78 -> 
  custom:audio-decoder-ogg-vorbis: bf7c407c2cedff20999df2af8eb42d56 -> 
========================================================================
Received Prepare
Registering precompiled user dll's ...
Registered in 0.015487 seconds.
Begin MonoManager ReloadAssembly
Symbol file LoadedFromMemory doesn't match image D:\Unity\AfterpartyEchoes\Library\PackageCache\com.unity.visualscripting@1.7.8\Editor\VisualScripting.Core\Dependencies\YamlDotNet\Unity.VisualScripting.YamlDotNet.dll
Symbol file LoadedFromMemory doesn't match image D:\Unity\AfterpartyEchoes\Library\PackageCache\com.unity.visualscripting@1.7.8\Editor\VisualScripting.Core\Dependencies\DotNetZip\Unity.VisualScripting.IonicZip.dll
Native extension for WindowsStandalone target not found
Refreshing native plugins compatible for Editor in 1.70 ms, found 4 plugins.
Preloading 0 native plugins for Editor in 0.00 ms.
Mono: successfully reloaded assembly
- Completed reload, in  1.633 seconds
Domain Reload Profiling:
	ReloadAssembly (1634ms)
		BeginReloadAssembly (245ms)
			ExecutionOrderSort (0ms)
			DisableScriptedObjects (9ms)
			BackupInstance (0ms)
			ReleaseScriptingObjects (0ms)
			CreateAndSetChildDomain (56ms)
		EndReloadAssembly (1250ms)
			LoadAssemblies (241ms)
			RebuildTransferFunctionScriptingTraits (0ms)
			SetupTypeCache (383ms)
			ReleaseScriptCaches (3ms)
			RebuildScriptCaches (74ms)
			SetupLoadedEditorAssemblies (556ms)
				LogAssemblyErrors (0ms)
				InitializePlatformSupportModulesInManaged (14ms)
				SetLoadedEditorAssemblies (1ms)
				RefreshPlugins (2ms)
				BeforeProcessingInitializeOnLoad (114ms)
				ProcessInitializeOnLoadAttributes (298ms)
				ProcessInitializeOnLoadMethodAttributes (122ms)
				AfterProcessingInitializeOnLoad (4ms)
				EditorAssembliesLoaded (0ms)
			ExecutionOrderSort2 (0ms)
			AwakeInstancesAfterBackupRestoration (11ms)
Platform modules already initialized, skipping
Refreshing native plugins compatible for Editor in 5.09 ms, found 4 plugins.
Preloading 0 native plugins for Editor in 0.00 ms.
Unloading 5419 Unused Serialized files (Serialized files now loaded: 0)
Unloading 45 unused Assets / (1.2 MB). Loaded Objects now: 5984.
Memory consumption went from 211.4 MB to 210.1 MB.
Total: 5.854000 ms (FindLiveObjects: 0.707300 ms CreateObjectMapping: 0.169800 ms MarkObjects: 4.129700 ms  DeleteObjects: 0.846000 ms)

AssetImportParameters requested are different than current active one (requested -> active):
  custom:video-decoder-ogg-theora: a1e56fd34408186e4bbccfd4996cb3dc -> 
  custom:container-muxer-webm: aa71ff27fc2769a1b78a27578f13a17b -> 
  custom:container-demuxer-webm: 4f35f7cbe854078d1ac9338744f61a02 -> 
  custom:video-encoder-webm-vp8: eb34c28f22e8b96e1ab97ce403110664 -> 
  custom:audio-encoder-webm-vorbis: bf7c407c2cedff20999df2af8eb42d56 -> 
  custom:framework-win-MediaFoundation: 216162199b28c13a410421893ffa2e32 -> 
  custom:container-demuxer-ogg: 62fdf1f143b41e24485cea50d1cbac27 -> 
  custom:video-decoder-webm-vp8: 9c59270c3fd7afecdb556c50c9e8de78 -> 
  custom:audio-decoder-ogg-vorbis: bf7c407c2cedff20999df2af8eb42d56 -> 
========================================================================
Received Import Request.
  Time since last request: 108.887411 seconds.
  path: Assets/Scripts
  artifactKey: Guid(2547fa0d314ade14895b76d19f84c0b5) Importer(815301076,1909f56bfc062723c751e8b465ee728b)
Start importing Assets/Scripts using Guid(2547fa0d314ade14895b76d19f84c0b5) Importer(815301076,1909f56bfc062723c751e8b465ee728b)  -> (artifact id: '4bad7ec605652343e7b022fd0cc41d9c') in 0.014610 seconds 
========================================================================
Received Import Request.
  Time since last request: 433.834744 seconds.
  path: Assets/Scenes/Level 2.unity
  artifactKey: Guid(ea34359cb321c1747b46f4d1d3472cbd) Importer(815301076,1909f56bfc062723c751e8b465ee728b)
Start importing Assets/Scenes/Level 2.unity using Guid(ea34359cb321c1747b46f4d1d3472cbd) Importer(815301076,1909f56bfc062723c751e8b465ee728b)  -> (artifact id: '811c66c9cf276210b85de3b7ea654d1f') in 0.003921 seconds 
========================================================================
Received Import Request.
  Time since last request: 9.318362 seconds.
  path: Assets/Scenes/Settings.unity
  artifactKey: Guid(ea34359cb321c1747b46f4d1d3472cbd) Importer(815301076,1909f56bfc062723c751e8b465ee728b)
Start importing Assets/Scenes/Settings.unity using Guid(ea34359cb321c1747b46f4d1d3472cbd) Importer(815301076,1909f56bfc062723c751e8b465ee728b)  -> (artifact id: 'd8cccdd3811ee46313567616452fb092') in 0.003565 seconds 
========================================================================
Received Import Request.
  Time since last request: 2032.068223 seconds.
  path: Assets/Arte/3591906.png
  artifactKey: Guid(173bbbb4f7cf6964fb8600d1d63db7b3) Importer(815301076,1909f56bfc062723c751e8b465ee728b)
Start importing Assets/Arte/3591906.png using Guid(173bbbb4f7cf6964fb8600d1d63db7b3) Importer(815301076,1909f56bfc062723c751e8b465ee728b)  -> (artifact id: 'b186e3f25f3e2e47c3fc33d8428bb8c0') in 0.531862 seconds 
========================================================================
Received Import Request.
  Time since last request: 194.085114 seconds.
  path: Assets/Arte/3591906.png
  artifactKey: Guid(173bbbb4f7cf6964fb8600d1d63db7b3) Importer(815301076,1909f56bfc062723c751e8b465ee728b)
Start importing Assets/Arte/3591906.png using Guid(173bbbb4f7cf6964fb8600d1d63db7b3) Importer(815301076,1909f56bfc062723c751e8b465ee728b)  -> (artifact id: '443145a1162df4ec485275af24162551') in 0.045167 seconds 
========================================================================
Received Import Request.
  Time since last request: 62.093335 seconds.
  path: Assets/Arte/3591906.png
  artifactKey: Guid(173bbbb4f7cf6964fb8600d1d63db7b3) Importer(815301076,1909f56bfc062723c751e8b465ee728b)
Start importing Assets/Arte/3591906.png using Guid(173bbbb4f7cf6964fb8600d1d63db7b3) Importer(815301076,1909f56bfc062723c751e8b465ee728b)  -> (artifact id: '4ec9b0c13b9f6676bd31dce0f4593a44') in 0.028485 seconds 
========================================================================
Received Import Request.
  Time since last request: 7.845007 seconds.
  path: Assets/Arte/speaker-icon-vector-illustration-volume-260nw-2497141745.png
  artifactKey: Guid(cfd41b651ef52a94cac2473ec651530b) Importer(815301076,1909f56bfc062723c751e8b465ee728b)
Start importing Assets/Arte/speaker-icon-vector-illustration-volume-260nw-2497141745.png using Guid(cfd41b651ef52a94cac2473ec651530b) Importer(815301076,1909f56bfc062723c751e8b465ee728b)  -> (artifact id: '0e183c773d8db552b8c778f4bd8538a7') in 0.038966 seconds 
========================================================================
Received Import Request.
  Time since last request: 5.853087 seconds.
  path: Assets/Arte/speaker-icon-vector-illustration-volume-260nw-2497141745.png
  artifactKey: Guid(cfd41b651ef52a94cac2473ec651530b) Importer(815301076,1909f56bfc062723c751e8b465ee728b)
Start importing Assets/Arte/speaker-icon-vector-illustration-volume-260nw-2497141745.png using Guid(cfd41b651ef52a94cac2473ec651530b) Importer(815301076,1909f56bfc062723c751e8b465ee728b)  -> (artifact id: '4fcc38e672b19476cb58f68efa973314') in 0.016010 seconds 
========================================================================
Received Import Request.
  Time since last request: 54.432370 seconds.
  path: Assets/Arte/speaker-icon-vector-illustration-volume-260nw-2497141745.png
  artifactKey: Guid(cfd41b651ef52a94cac2473ec651530b) Importer(815301076,1909f56bfc062723c751e8b465ee728b)
Start importing Assets/Arte/speaker-icon-vector-illustration-volume-260nw-2497141745.png using Guid(cfd41b651ef52a94cac2473ec651530b) Importer(815301076,1909f56bfc062723c751e8b465ee728b)  -> (artifact id: 'aa82fe2508c0a99f6bd5ac95424e6563') in 0.038604 seconds 
========================================================================
Received Import Request.
  Time since last request: 1153.792189 seconds.
  path: Assets/Scenes/Settings.unity
  artifactKey: Guid(ea34359cb321c1747b46f4d1d3472cbd) Importer(815301076,1909f56bfc062723c751e8b465ee728b)
Start importing Assets/Scenes/Settings.unity using Guid(ea34359cb321c1747b46f4d1d3472cbd) Importer(815301076,1909f56bfc062723c751e8b465ee728b)  -> (artifact id: '3cbd6fa42a068f8e94fac43bfb1bb9d1') in 0.003375 seconds 
========================================================================
Received Import Request.
  Time since last request: 1363.611629 seconds.
  path: Assets/Scripts/Menu.cs
  artifactKey: Guid(01d1289776bd7df469077d4ee5cb5557) Importer(815301076,1909f56bfc062723c751e8b465ee728b)
Start importing Assets/Scripts/Menu.cs using Guid(01d1289776bd7df469077d4ee5cb5557) Importer(815301076,1909f56bfc062723c751e8b465ee728b)  -> (artifact id: '1d7174dfa50d59f5791b2ead2d360261') in 0.107107 seconds 
========================================================================
Received Prepare
Registering precompiled user dll's ...
Registered in 0.060448 seconds.
Begin MonoManager ReloadAssembly
Symbol file LoadedFromMemory doesn't match image D:\Unity\AfterpartyEchoes\Library\PackageCache\com.unity.visualscripting@1.7.8\Editor\VisualScripting.Core\Dependencies\YamlDotNet\Unity.VisualScripting.YamlDotNet.dll
Symbol file LoadedFromMemory doesn't match image D:\Unity\AfterpartyEchoes\Library\PackageCache\com.unity.visualscripting@1.7.8\Editor\VisualScripting.Core\Dependencies\DotNetZip\Unity.VisualScripting.IonicZip.dll
Native extension for WindowsStandalone target not found
Refreshing native plugins compatible for Editor in 2.03 ms, found 4 plugins.
Preloading 0 native plugins for Editor in 0.00 ms.
Mono: successfully reloaded assembly
- Completed reload, in 21.351 seconds
Domain Reload Profiling:
	ReloadAssembly (21364ms)
		BeginReloadAssembly (13555ms)
			ExecutionOrderSort (0ms)
			DisableScriptedObjects (1636ms)
			BackupInstance (0ms)
			ReleaseScriptingObjects (21ms)
			CreateAndSetChildDomain (4662ms)
		EndReloadAssembly (7154ms)
			LoadAssemblies (7885ms)
			RebuildTransferFunctionScriptingTraits (45ms)
			SetupTypeCache (2316ms)
			ReleaseScriptCaches (3ms)
			RebuildScriptCaches (66ms)
			SetupLoadedEditorAssemblies (1636ms)
				LogAssemblyErrors (0ms)
				InitializePlatformSupportModulesInManaged (469ms)
				SetLoadedEditorAssemblies (12ms)
				RefreshPlugins (2ms)
				BeforeProcessingInitializeOnLoad (160ms)
				ProcessInitializeOnLoadAttributes (737ms)
				ProcessInitializeOnLoadMethodAttributes (251ms)
				AfterProcessingInitializeOnLoad (5ms)
				EditorAssembliesLoaded (0ms)
			ExecutionOrderSort2 (0ms)
			AwakeInstancesAfterBackupRestoration (12ms)
Platform modules already initialized, skipping
Refreshing native plugins compatible for Editor in 4.40 ms, found 4 plugins.
Preloading 0 native plugins for Editor in 0.00 ms.
Unloading 5419 Unused Serialized files (Serialized files now loaded: 0)
Unloading 45 unused Assets / (1.2 MB). Loaded Objects now: 6001.
Memory consumption went from 211.4 MB to 210.2 MB.
Total: 30.936100 ms (FindLiveObjects: 0.565900 ms CreateObjectMapping: 0.348800 ms MarkObjects: 29.115900 ms  DeleteObjects: 0.903400 ms)

AssetImportParameters requested are different than current active one (requested -> active):
  custom:video-decoder-ogg-theora: a1e56fd34408186e4bbccfd4996cb3dc -> 
  custom:container-muxer-webm: aa71ff27fc2769a1b78a27578f13a17b -> 
  custom:container-demuxer-webm: 4f35f7cbe854078d1ac9338744f61a02 -> 
  custom:video-encoder-webm-vp8: eb34c28f22e8b96e1ab97ce403110664 -> 
  custom:audio-encoder-webm-vorbis: bf7c407c2cedff20999df2af8eb42d56 -> 
  custom:framework-win-MediaFoundation: 216162199b28c13a410421893ffa2e32 -> 
  custom:container-demuxer-ogg: 62fdf1f143b41e24485cea50d1cbac27 -> 
  custom:video-decoder-webm-vp8: 9c59270c3fd7afecdb556c50c9e8de78 -> 
  custom:audio-decoder-ogg-vorbis: bf7c407c2cedff20999df2af8eb42d56 -> 
========================================================================
Received Prepare
Registering precompiled user dll's ...
Registered in 0.014185 seconds.
Begin MonoManager ReloadAssembly
Symbol file LoadedFromMemory doesn't match image D:\Unity\AfterpartyEchoes\Library\PackageCache\com.unity.visualscripting@1.7.8\Editor\VisualScripting.Core\Dependencies\YamlDotNet\Unity.VisualScripting.YamlDotNet.dll
Symbol file LoadedFromMemory doesn't match image D:\Unity\AfterpartyEchoes\Library\PackageCache\com.unity.visualscripting@1.7.8\Editor\VisualScripting.Core\Dependencies\DotNetZip\Unity.VisualScripting.IonicZip.dll
Native extension for WindowsStandalone target not found
Refreshing native plugins compatible for Editor in 2.07 ms, found 4 plugins.
Preloading 0 native plugins for Editor in 0.00 ms.
Mono: successfully reloaded assembly
- Completed reload, in  5.870 seconds
Domain Reload Profiling:
	ReloadAssembly (5870ms)
		BeginReloadAssembly (2445ms)
			ExecutionOrderSort (0ms)
			DisableScriptedObjects (24ms)
			BackupInstance (0ms)
			ReleaseScriptingObjects (0ms)
			CreateAndSetChildDomain (47ms)
		EndReloadAssembly (3205ms)
			LoadAssemblies (3469ms)
			RebuildTransferFunctionScriptingTraits (0ms)
			SetupTypeCache (434ms)
			ReleaseScriptCaches (3ms)
			RebuildScriptCaches (89ms)
			SetupLoadedEditorAssemblies (824ms)
				LogAssemblyErrors (0ms)
				InitializePlatformSupportModulesInManaged (17ms)
				SetLoadedEditorAssemblies (1ms)
				RefreshPlugins (2ms)
				BeforeProcessingInitializeOnLoad (135ms)
				ProcessInitializeOnLoadAttributes (405ms)
				ProcessInitializeOnLoadMethodAttributes (258ms)
				AfterProcessingInitializeOnLoad (5ms)
				EditorAssembliesLoaded (0ms)
			ExecutionOrderSort2 (0ms)
			AwakeInstancesAfterBackupRestoration (47ms)
Platform modules already initialized, skipping
Refreshing native plugins compatible for Editor in 58.59 ms, found 4 plugins.
Preloading 0 native plugins for Editor in 0.00 ms.
Unloading 5419 Unused Serialized files (Serialized files now loaded: 0)
Unloading 45 unused Assets / (1.2 MB). Loaded Objects now: 6004.
Memory consumption went from 211.4 MB to 210.2 MB.
Total: 30.716100 ms (FindLiveObjects: 0.492700 ms CreateObjectMapping: 0.137700 ms MarkObjects: 29.302700 ms  DeleteObjects: 0.781000 ms)

AssetImportParameters requested are different than current active one (requested -> active):
  custom:video-decoder-ogg-theora: a1e56fd34408186e4bbccfd4996cb3dc -> 
  custom:container-muxer-webm: aa71ff27fc2769a1b78a27578f13a17b -> 
  custom:container-demuxer-webm: 4f35f7cbe854078d1ac9338744f61a02 -> 
  custom:video-encoder-webm-vp8: eb34c28f22e8b96e1ab97ce403110664 -> 
  custom:audio-encoder-webm-vorbis: bf7c407c2cedff20999df2af8eb42d56 -> 
  custom:framework-win-MediaFoundation: 216162199b28c13a410421893ffa2e32 -> 
  custom:container-demuxer-ogg: 62fdf1f143b41e24485cea50d1cbac27 -> 
  custom:video-decoder-webm-vp8: 9c59270c3fd7afecdb556c50c9e8de78 -> 
  custom:audio-decoder-ogg-vorbis: bf7c407c2cedff20999df2af8eb42d56 -> 
========================================================================
Received Prepare
Registering precompiled user dll's ...
Registered in 0.014491 seconds.
Begin MonoManager ReloadAssembly
Symbol file LoadedFromMemory doesn't match image D:\Unity\AfterpartyEchoes\Library\PackageCache\com.unity.visualscripting@1.7.8\Editor\VisualScripting.Core\Dependencies\YamlDotNet\Unity.VisualScripting.YamlDotNet.dll
Symbol file LoadedFromMemory doesn't match image D:\Unity\AfterpartyEchoes\Library\PackageCache\com.unity.visualscripting@1.7.8\Editor\VisualScripting.Core\Dependencies\DotNetZip\Unity.VisualScripting.IonicZip.dll
Native extension for WindowsStandalone target not found
Refreshing native plugins compatible for Editor in 1.59 ms, found 4 plugins.
Preloading 0 native plugins for Editor in 0.00 ms.
Mono: successfully reloaded assembly
- Completed reload, in  1.564 seconds
Domain Reload Profiling:
	ReloadAssembly (1565ms)
		BeginReloadAssembly (274ms)
			ExecutionOrderSort (0ms)
			DisableScriptedObjects (9ms)
			BackupInstance (0ms)
			ReleaseScriptingObjects (0ms)
			CreateAndSetChildDomain (52ms)
		EndReloadAssembly (1152ms)
			LoadAssemblies (220ms)
			RebuildTransferFunctionScriptingTraits (0ms)
			SetupTypeCache (322ms)
			ReleaseScriptCaches (3ms)
			RebuildScriptCaches (68ms)
			SetupLoadedEditorAssemblies (525ms)
				LogAssemblyErrors (0ms)
				InitializePlatformSupportModulesInManaged (13ms)
				SetLoadedEditorAssemblies (1ms)
				RefreshPlugins (2ms)
				BeforeProcessingInitializeOnLoad (102ms)
				ProcessInitializeOnLoadAttributes (281ms)
				ProcessInitializeOnLoadMethodAttributes (117ms)
				AfterProcessingInitializeOnLoad (9ms)
				EditorAssembliesLoaded (1ms)
			ExecutionOrderSort2 (0ms)
			AwakeInstancesAfterBackupRestoration (15ms)
Platform modules already initialized, skipping
Refreshing native plugins compatible for Editor in 4.66 ms, found 4 plugins.
Preloading 0 native plugins for Editor in 0.00 ms.
Unloading 5419 Unused Serialized files (Serialized files now loaded: 0)
Unloading 45 unused Assets / (1.2 MB). Loaded Objects now: 6007.
Memory consumption went from 211.2 MB to 210.0 MB.
Total: 7.697200 ms (FindLiveObjects: 1.145000 ms CreateObjectMapping: 0.195600 ms MarkObjects: 5.291700 ms  DeleteObjects: 1.063300 ms)

AssetImportParameters requested are different than current active one (requested -> active):
  custom:video-decoder-ogg-theora: a1e56fd34408186e4bbccfd4996cb3dc -> 
  custom:container-muxer-webm: aa71ff27fc2769a1b78a27578f13a17b -> 
  custom:container-demuxer-webm: 4f35f7cbe854078d1ac9338744f61a02 -> 
  custom:video-encoder-webm-vp8: eb34c28f22e8b96e1ab97ce403110664 -> 
  custom:audio-encoder-webm-vorbis: bf7c407c2cedff20999df2af8eb42d56 -> 
  custom:framework-win-MediaFoundation: 216162199b28c13a410421893ffa2e32 -> 
  custom:container-demuxer-ogg: 62fdf1f143b41e24485cea50d1cbac27 -> 
  custom:video-decoder-webm-vp8: 9c59270c3fd7afecdb556c50c9e8de78 -> 
  custom:audio-decoder-ogg-vorbis: bf7c407c2cedff20999df2af8eb42d56 -> 
========================================================================
Received Prepare
Registering precompiled user dll's ...
Registered in 0.018016 seconds.
Begin MonoManager ReloadAssembly
Symbol file LoadedFromMemory doesn't match image D:\Unity\AfterpartyEchoes\Library\PackageCache\com.unity.visualscripting@1.7.8\Editor\VisualScripting.Core\Dependencies\YamlDotNet\Unity.VisualScripting.YamlDotNet.dll
Symbol file LoadedFromMemory doesn't match image D:\Unity\AfterpartyEchoes\Library\PackageCache\com.unity.visualscripting@1.7.8\Editor\VisualScripting.Core\Dependencies\DotNetZip\Unity.VisualScripting.IonicZip.dll
Native extension for WindowsStandalone target not found
Refreshing native plugins compatible for Editor in 1.59 ms, found 4 plugins.
Preloading 0 native plugins for Editor in 0.00 ms.
Mono: successfully reloaded assembly
- Completed reload, in  1.713 seconds
Domain Reload Profiling:
	ReloadAssembly (1714ms)
		BeginReloadAssembly (279ms)
			ExecutionOrderSort (0ms)
			DisableScriptedObjects (12ms)
			BackupInstance (0ms)
			ReleaseScriptingObjects (0ms)
			CreateAndSetChildDomain (75ms)
		EndReloadAssembly (1300ms)
			LoadAssemblies (223ms)
			RebuildTransferFunctionScriptingTraits (0ms)
			SetupTypeCache (402ms)
			ReleaseScriptCaches (3ms)
			RebuildScriptCaches (76ms)
			SetupLoadedEditorAssemblies (601ms)
				LogAssemblyErrors (0ms)
				InitializePlatformSupportModulesInManaged (14ms)
				SetLoadedEditorAssemblies (0ms)
				RefreshPlugins (2ms)
				BeforeProcessingInitializeOnLoad (115ms)
				ProcessInitializeOnLoadAttributes (350ms)
				ProcessInitializeOnLoadMethodAttributes (115ms)
				AfterProcessingInitializeOnLoad (5ms)
				EditorAssembliesLoaded (0ms)
			ExecutionOrderSort2 (0ms)
			AwakeInstancesAfterBackupRestoration (10ms)
Platform modules already initialized, skipping
Refreshing native plugins compatible for Editor in 4.64 ms, found 4 plugins.
Preloading 0 native plugins for Editor in 0.00 ms.
Unloading 5419 Unused Serialized files (Serialized files now loaded: 0)
Unloading 45 unused Assets / (1.2 MB). Loaded Objects now: 6010.
Memory consumption went from 211.4 MB to 210.2 MB.
Total: 5.940100 ms (FindLiveObjects: 0.475300 ms CreateObjectMapping: 0.184300 ms MarkObjects: 4.332300 ms  DeleteObjects: 0.946900 ms)

AssetImportParameters requested are different than current active one (requested -> active):
  custom:video-decoder-ogg-theora: a1e56fd34408186e4bbccfd4996cb3dc -> 
  custom:container-muxer-webm: aa71ff27fc2769a1b78a27578f13a17b -> 
  custom:container-demuxer-webm: 4f35f7cbe854078d1ac9338744f61a02 -> 
  custom:video-encoder-webm-vp8: eb34c28f22e8b96e1ab97ce403110664 -> 
  custom:audio-encoder-webm-vorbis: bf7c407c2cedff20999df2af8eb42d56 -> 
  custom:framework-win-MediaFoundation: 216162199b28c13a410421893ffa2e32 -> 
  custom:container-demuxer-ogg: 62fdf1f143b41e24485cea50d1cbac27 -> 
  custom:video-decoder-webm-vp8: 9c59270c3fd7afecdb556c50c9e8de78 -> 
  custom:audio-decoder-ogg-vorbis: bf7c407c2cedff20999df2af8eb42d56 -> 
========================================================================
Received Import Request.
  Time since last request: 990.524834 seconds.
  path: Assets/Music & Sounds/Song_Inicio.Final.wav
  artifactKey: Guid(cc950e465c5baf8439aee385843d46df) Importer(815301076,1909f56bfc062723c751e8b465ee728b)
Start importing Assets/Music & Sounds/Song_Inicio.Final.wav using Guid(cc950e465c5baf8439aee385843d46df) Importer(815301076,1909f56bfc062723c751e8b465ee728b)  -> (artifact id: '6840f1520adbd8c53b4a03c538b07892') in 1.570562 seconds 
========================================================================
Received Import Request.
  Time since last request: 17.792333 seconds.
  path: Assets/Music & Sounds/drive-download-20250809T225652Z-1-001.zip
  artifactKey: Guid(4449641103e4a8d40aa9b8ccef257eb7) Importer(815301076,1909f56bfc062723c751e8b465ee728b)
Start importing Assets/Music & Sounds/drive-download-20250809T225652Z-1-001.zip using Guid(4449641103e4a8d40aa9b8ccef257eb7) Importer(815301076,1909f56bfc062723c751e8b465ee728b)  -> (artifact id: 'c8de8c9d8a7b1701031b089576887f7d') in 0.116807 seconds 
========================================================================
Received Import Request.
  Time since last request: 15.108648 seconds.
  path: Assets/Music & Sounds/FX_BotónFinal.wav
  artifactKey: Guid(de8766eb26e8ea942a6821404536d027) Importer(815301076,1909f56bfc062723c751e8b465ee728b)
Start importing Assets/Music & Sounds/FX_BotónFinal.wav using Guid(de8766eb26e8ea942a6821404536d027) Importer(815301076,1909f56bfc062723c751e8b465ee728b)  -> (artifact id: '971e3a317540ed6e28d3700e2e816917') in 0.060288 seconds 
========================================================================
Received Import Request.
  Time since last request: 0.453568 seconds.
  path: Assets/Music & Sounds/FX_MenúFinal.wav
  artifactKey: Guid(28269c95453e1894980510cb60d5e10e) Importer(815301076,1909f56bfc062723c751e8b465ee728b)
Start importing Assets/Music & Sounds/FX_MenúFinal.wav using Guid(28269c95453e1894980510cb60d5e10e) Importer(815301076,1909f56bfc062723c751e8b465ee728b)  -> (artifact id: 'a955939ef7b4a6dad67b1f0f787aa85a') in 0.220345 seconds 
========================================================================
Received Import Request.
  Time since last request: 0.000038 seconds.
  path: Assets/Music & Sounds/FX_SkillFinal.wav
  artifactKey: Guid(05c3730711b92ca44ba5ccbc755f6dee) Importer(815301076,1909f56bfc062723c751e8b465ee728b)
Start importing Assets/Music & Sounds/FX_SkillFinal.wav using Guid(05c3730711b92ca44ba5ccbc755f6dee) Importer(815301076,1909f56bfc062723c751e8b465ee728b)  -> (artifact id: 'ee0e4548c492fe3547fa9332d018c365') in 0.015505 seconds 
========================================================================
Received Import Request.
  Time since last request: 0.000042 seconds.
  path: Assets/Music & Sounds/FX_ObjetoFinal.wav
  artifactKey: Guid(ee5297ad2563fa742acb2f470c54f374) Importer(815301076,1909f56bfc062723c751e8b465ee728b)
Start importing Assets/Music & Sounds/FX_ObjetoFinal.wav using Guid(ee5297ad2563fa742acb2f470c54f374) Importer(815301076,1909f56bfc062723c751e8b465ee728b)  -> (artifact id: 'e3d675929e72e0aeeb21163ddec057d7') in 0.009859 seconds 
========================================================================
Received Import Request.
  Time since last request: 0.000049 seconds.
  path: Assets/Music & Sounds/FX_PasosFinal.wav
  artifactKey: Guid(276986cb5fa41464ab91aa132f887b93) Importer(815301076,1909f56bfc062723c751e8b465ee728b)
Start importing Assets/Music & Sounds/FX_PasosFinal.wav using Guid(276986cb5fa41464ab91aa132f887b93) Importer(815301076,1909f56bfc062723c751e8b465ee728b)  -> (artifact id: 'b5591d8398f2305d9c4eeab427abc264') in 0.023269 seconds 
Editor requested this worker to shutdown with reason: Scaling down because of idle timeout
AssetImportWorkerClient::OnTransportError - code=2 error=End of file
AssetImportWorker is now disconnected from the server
Process exiting
Exiting without the bug reporter. Application will terminate with return code 0